# JRE version: Java(TM) SE Runtime Environment (7.0_40-b43) (build 1.7.0_40-b43)
# Java VM: Java HotSpot(TM) 64-Bit Server VM (24.0-b56 mixed mode windows-amd64 compressed oops)
Heap
 PSYoungGen      total 148992K, used 108182K [0x00000000eaa80000, 0x00000000f5580000, 0x0000000100000000)
  eden space 122880K, 87% used [0x00000000eaa80000,0x00000000f1375b78,0x00000000f2280000)
  from space 26112K, 2% used [0x00000000f2280000,0x00000000f2330040,0x00000000f3c00000)
  to   space 25088K, 0% used [0x00000000f3d00000,0x00000000f3d00000,0x00000000f5580000)
 ParOldGen       total 349696K, used 183877K [0x00000000c0000000, 0x00000000d5580000, 0x00000000eaa80000)
  object space 349696K, 52% used [0x00000000c0000000,0x00000000cb391788,0x00000000d5580000)
 PSPermGen       total 108544K, used 108262K [0x00000000b0000000, 0x00000000b6a00000, 0x00000000c0000000)
  object space 108544K, 99% used [0x00000000b0000000,0x00000000b69b9910,0x00000000b6a00000)
GC Heap History (10 events):
Event: 1479.544 GC heap before
{Heap before GC invocations=43 (full 0):
 PSYoungGen      total 146432K, used 134752K [0x00000000eaa80000, 0x00000000f5580000, 0x0000000100000000)
  eden space 119808K, 100% used [0x00000000eaa80000,0x00000000f1f80000,0x00000000f1f80000)
  from space 26624K, 56% used [0x00000000f3b80000,0x00000000f4a18010,0x00000000f5580000)
  to   space 27648K, 0% used [0x00000000f1f80000,0x00000000f1f80000,0x00000000f3a80000)
 ParOldGen       total 349696K, used 175709K [0x00000000c0000000, 0x00000000d5580000, 0x00000000eaa80000)
  object space 349696K, 50% used [0x00000000c0000000,0x00000000cab97648,0x00000000d5580000)
 PSPermGen       total 108032K, used 107720K [0x00000000b0000000, 0x00000000b6980000, 0x00000000c0000000)
  object space 108032K, 99% used [0x00000000b0000000,0x00000000b6932398,0x00000000b6980000)
Event: 1479.576 GC heap after
Heap after GC invocations=43 (full 0):
 PSYoungGen      total 147456K, used 4624K [0x00000000eaa80000, 0x00000000f5580000, 0x0000000100000000)
  eden space 119808K, 0% used [0x00000000eaa80000,0x00000000eaa80000,0x00000000f1f80000)
  from space 27648K, 16% used [0x00000000f1f80000,0x00000000f2404020,0x00000000f3a80000)
  to   space 26112K, 0% used [0x00000000f3c00000,0x00000000f3c00000,0x00000000f5580000)
 ParOldGen       total 349696K, used 178885K [0x00000000c0000000, 0x00000000d5580000, 0x00000000eaa80000)
  object space 349696K, 51% used [0x00000000c0000000,0x00000000caeb1668,0x00000000d5580000)
 PSPermGen       total 108032K, used 107720K [0x00000000b0000000, 0x00000000b6980000, 0x00000000c0000000)
  object space 108032K, 99% used [0x00000000b0000000,0x00000000b6932398,0x00000000b6980000)
}
Event: 1490.234 GC heap before
{Heap before GC invocations=44 (full 0):
 PSYoungGen      total 147456K, used 124432K [0x00000000eaa80000, 0x00000000f5580000, 0x0000000100000000)
  eden space 119808K, 100% used [0x00000000eaa80000,0x00000000f1f80000,0x00000000f1f80000)
  from space 27648K, 16% used [0x00000000f1f80000,0x00000000f2404020,0x00000000f3a80000)
  to   space 26112K, 0% used [0x00000000f3c00000,0x00000000f3c00000,0x00000000f5580000)
 ParOldGen       total 349696K, used 178885K [0x00000000c0000000, 0x00000000d5580000, 0x00000000eaa80000)
  object space 349696K, 51% used [0x00000000c0000000,0x00000000caeb1668,0x00000000d5580000)
 PSPermGen       total 108032K, used 107767K [0x00000000b0000000, 0x00000000b6980000, 0x00000000c0000000)
  object space 108032K, 99% used [0x00000000b0000000,0x00000000b693dd30,0x00000000b6980000)
Event: 1490.248 GC heap after
Heap after GC invocations=44 (full 0):
 PSYoungGen      total 150016K, used 947K [0x00000000eaa80000, 0x00000000f5580000, 0x0000000100000000)
  eden space 123904K, 0% used [0x00000000eaa80000,0x00000000eaa80000,0x00000000f2380000)
  from space 26112K, 3% used [0x00000000f3c00000,0x00000000f3cecc18,0x00000000f5580000)
  to   space 25088K, 0% used [0x00000000f2380000,0x00000000f2380000,0x00000000f3c00000)
 ParOldGen       total 349696K, used 178941K [0x00000000c0000000, 0x00000000d5580000, 0x00000000eaa80000)
  object space 349696K, 51% used [0x00000000c0000000,0x00000000caebf668,0x00000000d5580000)
 PSPermGen       total 108032K, used 107767K [0x00000000b0000000, 0x00000000b6980000, 0x00000000c0000000)
  object space 108032K, 99% used [0x00000000b0000000,0x00000000b693dd30,0x00000000b6980000)
}
Event: 1496.934 GC heap before
{Heap before GC invocations=45 (full 0):
 PSYoungGen      total 150016K, used 124851K [0x00000000eaa80000, 0x00000000f5580000, 0x0000000100000000)
  eden space 123904K, 100% used [0x00000000eaa80000,0x00000000f2380000,0x00000000f2380000)
  from space 26112K, 3% used [0x00000000f3c00000,0x00000000f3cecc18,0x00000000f5580000)
  to   space 25088K, 0% used [0x00000000f2380000,0x00000000f2380000,0x00000000f3c00000)
 ParOldGen       total 349696K, used 178941K [0x00000000c0000000, 0x00000000d5580000, 0x00000000eaa80000)
  object space 349696K, 51% used [0x00000000c0000000,0x00000000caebf668,0x00000000d5580000)
 PSPermGen       total 108032K, used 108021K [0x00000000b0000000, 0x00000000b6980000, 0x00000000c0000000)
  object space 108032K, 99% used [0x00000000b0000000,0x00000000b697d478,0x00000000b6980000)
Event: 1496.949 GC heap after
Heap after GC invocations=45 (full 0):
 PSYoungGen      total 148992K, used 1664K [0x00000000eaa80000, 0x00000000f5580000, 0x0000000100000000)
  eden space 123904K, 0% used [0x00000000eaa80000,0x00000000eaa80000,0x00000000f2380000)
  from space 25088K, 6% used [0x00000000f2380000,0x00000000f2520020,0x00000000f3c00000)
  to   space 24064K, 0% used [0x00000000f3e00000,0x00000000f3e00000,0x00000000f5580000)
 ParOldGen       total 349696K, used 179189K [0x00000000c0000000, 0x00000000d5580000, 0x00000000eaa80000)
  object space 349696K, 51% used [0x00000000c0000000,0x00000000caefd678,0x00000000d5580000)
 PSPermGen       total 108032K, used 108021K [0x00000000b0000000, 0x00000000b6980000, 0x00000000c0000000)
  object space 108032K, 99% used [0x00000000b0000000,0x00000000b697d478,0x00000000b6980000)
}
Event: 1510.367 GC heap before
{Heap before GC invocations=46 (full 0):
 PSYoungGen      total 148992K, used 125568K [0x00000000eaa80000, 0x00000000f5580000, 0x0000000100000000)
  eden space 123904K, 100% used [0x00000000eaa80000,0x00000000f2380000,0x00000000f2380000)
  from space 25088K, 6% used [0x00000000f2380000,0x00000000f2520020,0x00000000f3c00000)
  to   space 24064K, 0% used [0x00000000f3e00000,0x00000000f3e00000,0x00000000f5580000)
 ParOldGen       total 349696K, used 179189K [0x00000000c0000000, 0x00000000d5580000, 0x00000000eaa80000)
  object space 349696K, 51% used [0x00000000c0000000,0x00000000caefd678,0x00000000d5580000)
 PSPermGen       total 108032K, used 108021K [0x00000000b0000000, 0x00000000b6980000, 0x00000000c0000000)
  object space 108032K, 99% used [0x00000000b0000000,0x00000000b697d478,0x00000000b6980000)
Event: 1510.423 GC heap after
Heap after GC invocations=46 (full 0):
 PSYoungGen      total 146944K, used 15168K [0x00000000eaa80000, 0x00000000f5580000, 0x0000000100000000)
  eden space 122880K, 0% used [0x00000000eaa80000,0x00000000eaa80000,0x00000000f2280000)
  from space 24064K, 63% used [0x00000000f3e00000,0x00000000f4cd0010,0x00000000f5580000)
  to   space 26112K, 0% used [0x00000000f2280000,0x00000000f2280000,0x00000000f3c00000)
 ParOldGen       total 349696K, used 180677K [0x00000000c0000000, 0x00000000d5580000, 0x00000000eaa80000)
  object space 349696K, 51% used [0x00000000c0000000,0x00000000cb071758,0x00000000d5580000)
 PSPermGen       total 108032K, used 108021K [0x00000000b0000000, 0x00000000b6980000, 0x00000000c0000000)
  object space 108032K, 99% used [0x00000000b0000000,0x00000000b697d478,0x00000000b6980000)
}
Event: 2452.595 GC heap before
{Heap before GC invocations=47 (full 0):
 PSYoungGen      total 146944K, used 138048K [0x00000000eaa80000, 0x00000000f5580000, 0x0000000100000000)
  eden space 122880K, 100% used [0x00000000eaa80000,0x00000000f2280000,0x00000000f2280000)
  from space 24064K, 63% used [0x00000000f3e00000,0x00000000f4cd0010,0x00000000f5580000)
  to   space 26112K, 0% used [0x00000000f2280000,0x00000000f2280000,0x00000000f3c00000)
 ParOldGen       total 349696K, used 180677K [0x00000000c0000000, 0x00000000d5580000, 0x00000000eaa80000)
  object space 349696K, 51% used [0x00000000c0000000,0x00000000cb071758,0x00000000d5580000)
 PSPermGen       total 108544K, used 108097K [0x00000000b0000000, 0x00000000b6a00000, 0x00000000c0000000)
  object space 108544K, 99% used [0x00000000b0000000,0x00000000b69905a0,0x00000000b6a00000)
Event: 2452.621 GC heap after
Heap after GC invocations=47 (full 0):
 PSYoungGen      total 148992K, used 704K [0x00000000eaa80000, 0x00000000f5580000, 0x0000000100000000)
  eden space 122880K, 0% used [0x00000000eaa80000,0x00000000eaa80000,0x00000000f2280000)
  from space 26112K, 2% used [0x00000000f2280000,0x00000000f2330040,0x00000000f3c00000)
  to   space 25088K, 0% used [0x00000000f3d00000,0x00000000f3d00000,0x00000000f5580000)
 ParOldGen       total 349696K, used 183877K [0x00000000c0000000, 0x00000000d5580000, 0x00000000eaa80000)
  object space 349696K, 52% used [0x00000000c0000000,0x00000000cb391788,0x00000000d5580000)
 PSPermGen       total 108544K, used 108097K [0x00000000b0000000, 0x00000000b6a00000, 0x00000000c0000000)
  object space 108544K, 99% used [0x00000000b0000000,0x00000000b69905a0,0x00000000b6a00000)
}

