# JRE version: Java(TM) SE Runtime Environment (7.0_40-b43) (build 1.7.0_40-b43)
# Java VM: Java HotSpot(TM) 64-Bit Server VM (24.0-b56 mixed mode windows-amd64 compressed oops)
Heap
 PSYoungGen      total 141824K, used 40752K [0x00000000eaa80000, 0x00000000f5800000, 0x0000000100000000)
  eden space 110080K, 34% used [0x00000000eaa80000,0x00000000ecfeb868,0x00000000f1600000)
  from space 31744K, 7% used [0x00000000f3900000,0x00000000f3b608f0,0x00000000f5800000)
  to   space 33792K, 0% used [0x00000000f1600000,0x00000000f1600000,0x00000000f3700000)
 ParOldGen       total 349696K, used 24744K [0x00000000c0000000, 0x00000000d5580000, 0x00000000eaa80000)
  object space 349696K, 7% used [0x00000000c0000000,0x00000000c182a010,0x00000000d5580000)
 PSPermGen       total 71168K, used 70806K [0x00000000b0000000, 0x00000000b4580000, 0x00000000c0000000)
  object space 71168K, 99% used [0x00000000b0000000,0x00000000b45259b0,0x00000000b4580000)
GC Heap History (10 events):
Event: 369.768 GC heap before
{Heap before GC invocations=8 (full 0):
 PSYoungGen      total 147456K, used 147289K [0x00000000eaa80000, 0x00000000f5e80000, 0x0000000100000000)
  eden space 122880K, 100% used [0x00000000eaa80000,0x00000000f2280000,0x00000000f2280000)
  from space 24576K, 99% used [0x00000000f2580000,0x00000000f3d56698,0x00000000f3d80000)
  to   space 30720K, 0% used [0x00000000f4080000,0x00000000f4080000,0x00000000f5e80000)
 ParOldGen       total 349696K, used 10157K [0x00000000c0000000, 0x00000000d5580000, 0x00000000eaa80000)
  object space 349696K, 2% used [0x00000000c0000000,0x00000000c09eb5e0,0x00000000d5580000)
 PSPermGen       total 67584K, used 67394K [0x00000000b0000000, 0x00000000b4200000, 0x00000000c0000000)
  object space 67584K, 99% used [0x00000000b0000000,0x00000000b41d0830,0x00000000b4200000)
Event: 369.812 GC heap after
Heap after GC invocations=8 (full 0):
 PSYoungGen      total 150528K, used 7387K [0x00000000eaa80000, 0x00000000f5e00000, 0x0000000100000000)
  eden space 120320K, 0% used [0x00000000eaa80000,0x00000000eaa80000,0x00000000f2000000)
  from space 30208K, 24% used [0x00000000f4080000,0x00000000f47b6ca8,0x00000000f5e00000)
  to   space 31744K, 0% used [0x00000000f2000000,0x00000000f2000000,0x00000000f3f00000)
 ParOldGen       total 349696K, used 20504K [0x00000000c0000000, 0x00000000d5580000, 0x00000000eaa80000)
  object space 349696K, 5% used [0x00000000c0000000,0x00000000c1406180,0x00000000d5580000)
 PSPermGen       total 67584K, used 67394K [0x00000000b0000000, 0x00000000b4200000, 0x00000000c0000000)
  object space 67584K, 99% used [0x00000000b0000000,0x00000000b41d0830,0x00000000b4200000)
}
Event: 383.798 GC heap before
{Heap before GC invocations=9 (full 0):
 PSYoungGen      total 150528K, used 127707K [0x00000000eaa80000, 0x00000000f5e00000, 0x0000000100000000)
  eden space 120320K, 100% used [0x00000000eaa80000,0x00000000f2000000,0x00000000f2000000)
  from space 30208K, 24% used [0x00000000f4080000,0x00000000f47b6ca8,0x00000000f5e00000)
  to   space 31744K, 0% used [0x00000000f2000000,0x00000000f2000000,0x00000000f3f00000)
 ParOldGen       total 349696K, used 20504K [0x00000000c0000000, 0x00000000d5580000, 0x00000000eaa80000)
  object space 349696K, 5% used [0x00000000c0000000,0x00000000c1406180,0x00000000d5580000)
 PSPermGen       total 70144K, used 69800K [0x00000000b0000000, 0x00000000b4480000, 0x00000000c0000000)
  object space 70144K, 99% used [0x00000000b0000000,0x00000000b442a0c0,0x00000000b4480000)
Event: 383.845 GC heap after
Heap after GC invocations=9 (full 0):
 PSYoungGen      total 133632K, used 15365K [0x00000000eaa80000, 0x00000000f5a80000, 0x0000000100000000)
  eden space 117760K, 0% used [0x00000000eaa80000,0x00000000eaa80000,0x00000000f1d80000)
  from space 15872K, 96% used [0x00000000f2000000,0x00000000f2f014c8,0x00000000f2f80000)
  to   space 31232K, 0% used [0x00000000f3c00000,0x00000000f3c00000,0x00000000f5a80000)
 ParOldGen       total 349696K, used 21192K [0x00000000c0000000, 0x00000000d5580000, 0x00000000eaa80000)
  object space 349696K, 6% used [0x00000000c0000000,0x00000000c14b21b8,0x00000000d5580000)
 PSPermGen       total 70144K, used 69800K [0x00000000b0000000, 0x00000000b4480000, 0x00000000c0000000)
  object space 70144K, 99% used [0x00000000b0000000,0x00000000b442a0c0,0x00000000b4480000)
}
Event: 396.102 GC heap before
{Heap before GC invocations=10 (full 0):
 PSYoungGen      total 133632K, used 133125K [0x00000000eaa80000, 0x00000000f5a80000, 0x0000000100000000)
  eden space 117760K, 100% used [0x00000000eaa80000,0x00000000f1d80000,0x00000000f1d80000)
  from space 15872K, 96% used [0x00000000f2000000,0x00000000f2f014c8,0x00000000f2f80000)
  to   space 31232K, 0% used [0x00000000f3c00000,0x00000000f3c00000,0x00000000f5a80000)
 ParOldGen       total 349696K, used 21192K [0x00000000c0000000, 0x00000000d5580000, 0x00000000eaa80000)
  object space 349696K, 6% used [0x00000000c0000000,0x00000000c14b21b8,0x00000000d5580000)
 PSPermGen       total 70144K, used 69849K [0x00000000b0000000, 0x00000000b4480000, 0x00000000c0000000)
  object space 70144K, 99% used [0x00000000b0000000,0x00000000b44364a8,0x00000000b4480000)
Event: 396.125 GC heap after
Heap after GC invocations=10 (full 0):
 PSYoungGen      total 145920K, used 4640K [0x00000000eaa80000, 0x00000000f5a00000, 0x0000000100000000)
  eden space 115200K, 0% used [0x00000000eaa80000,0x00000000eaa80000,0x00000000f1b00000)
  from space 30720K, 15% used [0x00000000f3c00000,0x00000000f4088030,0x00000000f5a00000)
  to   space 32256K, 0% used [0x00000000f1b00000,0x00000000f1b00000,0x00000000f3a80000)
 ParOldGen       total 349696K, used 23882K [0x00000000c0000000, 0x00000000d5580000, 0x00000000eaa80000)
  object space 349696K, 6% used [0x00000000c0000000,0x00000000c1752b60,0x00000000d5580000)
 PSPermGen       total 70144K, used 69849K [0x00000000b0000000, 0x00000000b4480000, 0x00000000c0000000)
  object space 70144K, 99% used [0x00000000b0000000,0x00000000b44364a8,0x00000000b4480000)
}
Event: 405.927 GC heap before
{Heap before GC invocations=11 (full 0):
 PSYoungGen      total 145920K, used 119840K [0x00000000eaa80000, 0x00000000f5a00000, 0x0000000100000000)
  eden space 115200K, 100% used [0x00000000eaa80000,0x00000000f1b00000,0x00000000f1b00000)
  from space 30720K, 15% used [0x00000000f3c00000,0x00000000f4088030,0x00000000f5a00000)
  to   space 32256K, 0% used [0x00000000f1b00000,0x00000000f1b00000,0x00000000f3a80000)
 ParOldGen       total 349696K, used 23882K [0x00000000c0000000, 0x00000000d5580000, 0x00000000eaa80000)
  object space 349696K, 6% used [0x00000000c0000000,0x00000000c1752b60,0x00000000d5580000)
 PSPermGen       total 70656K, used 70450K [0x00000000b0000000, 0x00000000b4500000, 0x00000000c0000000)
  object space 70656K, 99% used [0x00000000b0000000,0x00000000b44cc930,0x00000000b4500000)
Event: 405.938 GC heap after
Heap after GC invocations=11 (full 0):
 PSYoungGen      total 114176K, used 1084K [0x00000000eaa80000, 0x00000000f5980000, 0x0000000100000000)
  eden space 112640K, 0% used [0x00000000eaa80000,0x00000000eaa80000,0x00000000f1880000)
  from space 1536K, 70% used [0x00000000f1b00000,0x00000000f1c0f360,0x00000000f1c80000)
  to   space 33280K, 0% used [0x00000000f3900000,0x00000000f3900000,0x00000000f5980000)
 ParOldGen       total 349696K, used 24314K [0x00000000c0000000, 0x00000000d5580000, 0x00000000eaa80000)
  object space 349696K, 6% used [0x00000000c0000000,0x00000000c17beb60,0x00000000d5580000)
 PSPermGen       total 70656K, used 70450K [0x00000000b0000000, 0x00000000b4500000, 0x00000000c0000000)
  object space 70656K, 99% used [0x00000000b0000000,0x00000000b44cc930,0x00000000b4500000)
}
Event: 480.914 GC heap before
{Heap before GC invocations=12 (full 0):
 PSYoungGen      total 114176K, used 113724K [0x00000000eaa80000, 0x00000000f5980000, 0x0000000100000000)
  eden space 112640K, 100% used [0x00000000eaa80000,0x00000000f1880000,0x00000000f1880000)
  from space 1536K, 70% used [0x00000000f1b00000,0x00000000f1c0f360,0x00000000f1c80000)
  to   space 33280K, 0% used [0x00000000f3900000,0x00000000f3900000,0x00000000f5980000)
 ParOldGen       total 349696K, used 24314K [0x00000000c0000000, 0x00000000d5580000, 0x00000000eaa80000)
  object space 349696K, 6% used [0x00000000c0000000,0x00000000c17beb60,0x00000000d5580000)
 PSPermGen       total 71168K, used 70675K [0x00000000b0000000, 0x00000000b4580000, 0x00000000c0000000)
  object space 71168K, 99% used [0x00000000b0000000,0x00000000b4504c40,0x00000000b4580000)
Event: 480.928 GC heap after
Heap after GC invocations=12 (full 0):
 PSYoungGen      total 141824K, used 2434K [0x00000000eaa80000, 0x00000000f5800000, 0x0000000100000000)
  eden space 110080K, 0% used [0x00000000eaa80000,0x00000000eaa80000,0x00000000f1600000)
  from space 31744K, 7% used [0x00000000f3900000,0x00000000f3b608f0,0x00000000f5800000)
  to   space 33792K, 0% used [0x00000000f1600000,0x00000000f1600000,0x00000000f3700000)
 ParOldGen       total 349696K, used 24744K [0x00000000c0000000, 0x00000000d5580000, 0x00000000eaa80000)
  object space 349696K, 7% used [0x00000000c0000000,0x00000000c182a010,0x00000000d5580000)
 PSPermGen       total 71168K, used 70675K [0x00000000b0000000, 0x00000000b4580000, 0x00000000c0000000)
  object space 71168K, 99% used [0x00000000b0000000,0x00000000b4504c40,0x00000000b4580000)
}

